2025-04-07 23:08:54,105 - __main__ - ERROR - Erreur lors du chargement des données: [Errno 2] No such file or directory: 'data/questions_fr.json'
2025-04-07 23:09:18,840 - __main__ - ERROR - Erreur lors de l'initialisation de la base de données vectorielle: Could not import sentence_transformers python package. Please install it with `pip install sentence-transformers`.
2025-04-07 23:09:18,849 - __main__ - ERROR - Erreur lors de l'initialisation du modèle de langage: 1 validation error for HuggingFaceHub
  Value error, Did not find huggingfacehub_api_token, please add an environment variable `HUGGINGFACEHUB_API_TOKEN` which contains it, or pass `huggingfacehub_api_token` as a named parameter. [type=value_error, input_value={'repo_id': 'mistralai/Mi...acehub_api_token': None}, input_type=dict]
    For further information visit https://errors.pydantic.dev/2.11/v/value_error
2025-04-07 23:29:57,206 - __main__ - ERROR - Erreur lors du chargement des données: [Errno 2] No such file or directory: 'data/questions_fr.json'
2025-04-07 23:29:57,373 - __main__ - ERROR - Erreur lors de l'initialisation de la base de données vectorielle: Could not import sentence_transformers python package. Please install it with `pip install sentence-transformers`.
2025-04-07 23:29:57,373 - __main__ - ERROR - Erreur lors de l'initialisation du modèle de langage: 1 validation error for HuggingFaceHub
  Value error, Did not find huggingfacehub_api_token, please add an environment variable `HUGGINGFACEHUB_API_TOKEN` which contains it, or pass `huggingfacehub_api_token` as a named parameter. [type=value_error, input_value={'repo_id': 'mistralai/Mi...acehub_api_token': None}, input_type=dict]
    For further information visit https://errors.pydantic.dev/2.11/v/value_error
2025-04-07 23:31:02,793 - __main__ - ERROR - Erreur lors du chargement des données: [Errno 2] No such file or directory: 'data/questions_fr.json'
2025-04-07 23:31:02,958 - __main__ - ERROR - Erreur lors de l'initialisation de la base de données vectorielle: Could not import sentence_transformers python package. Please install it with `pip install sentence-transformers`.
2025-04-07 23:31:02,958 - __main__ - ERROR - Erreur lors de l'initialisation du modèle de langage: 1 validation error for HuggingFaceHub
  Value error, Did not find huggingfacehub_api_token, please add an environment variable `HUGGINGFACEHUB_API_TOKEN` which contains it, or pass `huggingfacehub_api_token` as a named parameter. [type=value_error, input_value={'repo_id': 'mistralai/Mi...acehub_api_token': None}, input_type=dict]
    For further information visit https://errors.pydantic.dev/2.11/v/value_error
2025-04-07 23:31:07,106 - __main__ - ERROR - Erreur lors du chargement des données: [Errno 2] No such file or directory: 'data/questions_fr.json'
2025-04-07 23:31:07,328 - __main__ - ERROR - Erreur lors de l'initialisation de la base de données vectorielle: Could not import sentence_transformers python package. Please install it with `pip install sentence-transformers`.
2025-04-07 23:31:07,330 - __main__ - ERROR - Erreur lors de l'initialisation du modèle de langage: 1 validation error for HuggingFaceHub
  Value error, Did not find huggingfacehub_api_token, please add an environment variable `HUGGINGFACEHUB_API_TOKEN` which contains it, or pass `huggingfacehub_api_token` as a named parameter. [type=value_error, input_value={'repo_id': 'mistralai/Mi...acehub_api_token': None}, input_type=dict]
    For further information visit https://errors.pydantic.dev/2.11/v/value_error
